2019-05-09 22:24:02 [scrapy.utils.log] INFO: Scrapy 1.5.1 started (bot: CryptoCurrencySpider)
2019-05-09 22:24:02 [scrapy.utils.log] INFO: Versions: lxml 4.2.4.0, libxml2 2.9.8, cssselect 1.0.3, parsel 1.5.0, w3lib 1.19.0, Twisted 18.7.0, Python 3.6.2 (default, Jul 21 2017, 21:28:30) - [GCC 4.2.1 Compatible Apple LLVM 8.1.0 (clang-802.0.42)], pyOpenSSL 18.0.0 (OpenSSL 1.1.0i  14 Aug 2018), cryptography 2.3.1, Platform Darwin-17.7.0-x86_64-i386-64bit
2019-05-09 22:24:02 [scrapy.crawler] INFO: Overridden settings: {'BOT_NAME': 'CryptoCurrencySpider', 'LOG_FILE': 'logs/default/main/15146f80726611e99a8e9810e8f35e30.log', 'NEWSPIDER_MODULE': 'CryptoCurrencySpider.spiders', 'ROBOTSTXT_OBEY': True, 'SPIDER_MODULES': ['CryptoCurrencySpider.spiders']}
2019-05-09 22:24:02 [scrapy.middleware] INFO: Enabled extensions:
['scrapy.extensions.corestats.CoreStats',
 'scrapy.extensions.telnet.TelnetConsole',
 'scrapy.extensions.memusage.MemoryUsage',
 'scrapy.extensions.logstats.LogStats']
2019-05-09 22:24:02 [scrapy.middleware] INFO: Enabled downloader middlewares:
['scrapy.downloadermiddlewares.robotstxt.RobotsTxtMiddleware',
 'scrapy.downloadermiddlewares.httpauth.HttpAuthMiddleware',
 'scrapy.downloadermiddlewares.downloadtimeout.DownloadTimeoutMiddleware',
 'scrapy.downloadermiddlewares.defaultheaders.DefaultHeadersMiddleware',
 'scrapy.downloadermiddlewares.useragent.UserAgentMiddleware',
 'scrapy.downloadermiddlewares.retry.RetryMiddleware',
 'scrapy.downloadermiddlewares.redirect.MetaRefreshMiddleware',
 'scrapy.downloadermiddlewares.httpcompression.HttpCompressionMiddleware',
 'scrapy.downloadermiddlewares.redirect.RedirectMiddleware',
 'scrapy.downloadermiddlewares.cookies.CookiesMiddleware',
 'scrapy.downloadermiddlewares.httpproxy.HttpProxyMiddleware',
 'scrapy.downloadermiddlewares.stats.DownloaderStats']
2019-05-09 22:24:02 [scrapy.middleware] INFO: Enabled spider middlewares:
['scrapy.spidermiddlewares.httperror.HttpErrorMiddleware',
 'scrapy.spidermiddlewares.offsite.OffsiteMiddleware',
 'scrapy.spidermiddlewares.referer.RefererMiddleware',
 'scrapy.spidermiddlewares.urllength.UrlLengthMiddleware',
 'scrapy.spidermiddlewares.depth.DepthMiddleware']
2019-05-09 22:24:02 [scrapy.middleware] INFO: Enabled item pipelines:
['CryptoCurrencySpider.pipelines.CryptocurrencyspiderPipeline']
2019-05-09 22:24:02 [scrapy.core.engine] INFO: Spider opened
2019-05-09 22:24:02 [scrapy.extensions.logstats] INFO: Crawled 0 pages (at 0 pages/min), scraped 0 items (at 0 items/min)
2019-05-09 22:24:02 [scrapy.extensions.telnet] DEBUG: Telnet console listening on 127.0.0.1:6025
2019-05-09 22:24:04 [scrapy.core.engine] DEBUG: Crawled (200) <GET https://coinmarketcap.com/robots.txt> (referer: None)
2019-05-09 22:24:05 [scrapy.core.engine] DEBUG: Crawled (200) <GET https://coinmarketcap.com> (referer: None)
2019-05-09 22:24:06 [scrapy.downloadermiddlewares.redirect] DEBUG: Redirecting (301) to <GET http://coinmarketcap.com/currencies/bitshares/> from <GET https://coinmarketcap.com/currencies/bitshares>
2019-05-09 22:24:07 [scrapy.downloadermiddlewares.redirect] DEBUG: Redirecting (301) to <GET https://coinmarketcap.com/currencies/bitshares/> from <GET http://coinmarketcap.com/currencies/bitshares/>
2019-05-09 22:24:08 [scrapy.core.engine] DEBUG: Crawled (200) <GET https://coinmarketcap.com/currencies/bitshares/> (referer: None)
2019-05-09 22:24:10 [scrapy.core.engine] DEBUG: Crawled (200) <GET https://coinmarketcap.com/currencies/bitshares/historical-data/> (referer: https://coinmarketcap.com/currencies/bitshares/)
2019-05-09 22:24:12 [scrapy.core.engine] DEBUG: Crawled (200) <GET https://coinmarketcap.com/currencies/bitshares/historical-data/?start=20190501&end=20190509> (referer: https://coinmarketcap.com/currencies/bitshares/historical-data/)
2019-05-09 22:24:12 [scrapy.core.scraper] DEBUG: Scraped from <200 https://coinmarketcap.com/currencies/bitshares/historical-data/?start=20190501&end=20190509>
{'close': '0.051623',
 'date': '2019-05-08',
 'high': '0.052593',
 'id': '(BTS)',
 'low': '0.050527',
 'marketcap': '140068285',
 'name': 'BitShares-(BTS)',
 'open': '0.051461',
 'volume': '4825271'}
2019-05-09 22:24:12 [scrapy.core.scraper] DEBUG: Scraped from <200 https://coinmarketcap.com/currencies/bitshares/historical-data/?start=20190501&end=20190509>
{'close': '0.051522',
 'date': '2019-05-07',
 'high': '0.055169',
 'id': '(BTS)',
 'low': '0.051517',
 'marketcap': '139794059',
 'name': 'BitShares-(BTS)',
 'open': '0.053135',
 'volume': '9358056'}
2019-05-09 22:24:12 [scrapy.core.scraper] DEBUG: Scraped from <200 https://coinmarketcap.com/currencies/bitshares/historical-data/?start=20190501&end=20190509>
{'close': '0.052106',
 'date': '2019-05-06',
 'high': '0.054334',
 'id': '(BTS)',
 'low': '0.051399',
 'marketcap': '141377168',
 'name': 'BitShares-(BTS)',
 'open': '0.053731',
 'volume': '6650460'}
2019-05-09 22:24:12 [scrapy.core.scraper] DEBUG: Scraped from <200 https://coinmarketcap.com/currencies/bitshares/historical-data/?start=20190501&end=20190509>
{'close': '0.053975',
 'date': '2019-05-05',
 'high': '0.054829',
 'id': '(BTS)',
 'low': '0.052168',
 'marketcap': '146448924',
 'name': 'BitShares-(BTS)',
 'open': '0.053519',
 'volume': '6983332'}
2019-05-09 22:24:12 [scrapy.core.scraper] DEBUG: Scraped from <200 https://coinmarketcap.com/currencies/bitshares/historical-data/?start=20190501&end=20190509>
{'close': '0.053470',
 'date': '2019-05-04',
 'high': '0.057145',
 'id': '(BTS)',
 'low': '0.052310',
 'marketcap': '145080129',
 'name': 'BitShares-(BTS)',
 'open': '0.055541',
 'volume': '7467503'}
2019-05-09 22:24:12 [scrapy.core.scraper] DEBUG: Scraped from <200 https://coinmarketcap.com/currencies/bitshares/historical-data/?start=20190501&end=20190509>
{'close': '0.055541',
 'date': '2019-05-03',
 'high': '0.056493',
 'id': '(BTS)',
 'low': '0.051973',
 'marketcap': '150697184',
 'name': 'BitShares-(BTS)',
 'open': '0.052784',
 'volume': '8256796'}
2019-05-09 22:24:12 [scrapy.core.scraper] DEBUG: Scraped from <200 https://coinmarketcap.com/currencies/bitshares/historical-data/?start=20190501&end=20190509>
{'close': '0.053138',
 'date': '2019-05-02',
 'high': '0.054553',
 'id': '(BTS)',
 'low': '0.051563',
 'marketcap': '144177765',
 'name': 'BitShares-(BTS)',
 'open': '0.051909',
 'volume': '6302406'}
2019-05-09 22:24:12 [scrapy.core.scraper] DEBUG: Scraped from <200 https://coinmarketcap.com/currencies/bitshares/historical-data/?start=20190501&end=20190509>
{'close': '0.052222',
 'date': '2019-05-01',
 'high': '0.054827',
 'id': '(BTS)',
 'low': '0.051427',
 'marketcap': '141692861',
 'name': 'BitShares-(BTS)',
 'open': '0.052882',
 'volume': '6334581'}
2019-05-09 22:24:12 [scrapy.core.engine] INFO: Closing spider (finished)
2019-05-09 22:24:12 [scrapy.statscollectors] INFO: Dumping Scrapy stats:
{'downloader/request_bytes': 2164,
 'downloader/request_count': 7,
 'downloader/request_method_count/GET': 7,
 'downloader/response_bytes': 154556,
 'downloader/response_count': 7,
 'downloader/response_status_count/200': 5,
 'downloader/response_status_count/301': 2,
 'finish_reason': 'finished',
 'finish_time': datetime.datetime(2019, 5, 9, 14, 24, 12, 500661),
 'item_scraped_count': 8,
 'log_count/DEBUG': 16,
 'log_count/INFO': 7,
 'memusage/max': 70434816,
 'memusage/startup': 70434816,
 'request_depth_max': 3,
 'response_received_count': 5,
 'scheduler/dequeued': 6,
 'scheduler/dequeued/memory': 6,
 'scheduler/enqueued': 6,
 'scheduler/enqueued/memory': 6,
 'start_time': datetime.datetime(2019, 5, 9, 14, 24, 2, 343045)}
2019-05-09 22:24:12 [scrapy.core.engine] INFO: Spider closed (finished)
